<?xml version="1.0" encoding="UTF-8"?>
<!-- Generated by org.testng.reporters.JUnitReportReporter -->
<testsuite skipped="0" hostname="DESKTOP-8EQSD1V" name="ActionsClassConcepet.MouseDragDrop" tests="1" failures="0" timestamp="2021-04-11T14:59:35 IST" time="8.815" errors="0">
  <testcase name="DragDropConcep" time="8.815" classname="ActionsClassConcepet.MouseDragDrop"/>
  <system-out/>
</testsuite> <!-- ActionsClassConcepet.MouseDragDrop -->
