<?xml version="1.0" encoding="UTF-8"?>
<!-- Generated by org.testng.reporters.JUnitReportReporter -->
<testsuite skipped="0" hostname="DESKTOP-8EQSD1V" name="com.extentReport.ExtentreportScreenshot" tests="1" failures="0" timestamp="12 Apr 2021 07:03:11 GMT" time="6.421" errors="0">
  <testcase name="attachedscreenshot" time="6.421" classname="com.extentReport.ExtentreportScreenshot"/>
</testsuite> <!-- com.extentReport.ExtentreportScreenshot -->
