<?xml version="1.0" encoding="UTF-8"?>
<!-- Generated by org.testng.reporters.JUnitReportReporter -->
<testsuite skipped="0" hostname="DESKTOP-8EQSD1V" name="com.HandleFrames.handleIFrame" tests="1" failures="0" timestamp="2021-04-11T14:59:35 IST" time="16.404" errors="0">
  <testcase name="HandleFrameSelenium" time="16.404" classname="com.HandleFrames.handleIFrame"/>
  <system-out/>
</testsuite> <!-- com.HandleFrames.handleIFrame -->
