<?xml version="1.0" encoding="UTF-8"?>
<!-- Generated by org.testng.reporters.JUnitReportReporter -->
<testsuite skipped="0" hostname="DESKTOP-8EQSD1V" name="BarCodeHandler" tests="1" failures="0" timestamp="2021-04-03T17:21:27 IST" time="16.549" errors="0">
  <testcase name="BarCodeHandlerSelenium" time="16.549" classname="BarCodeHandler"/>
  <system-out/>
</testsuite> <!-- BarCodeHandler -->
