<?xml version="1.0" encoding="UTF-8"?>
<!-- Generated by org.testng.reporters.JUnitReportReporter -->
<testsuite skipped="0" hostname="DESKTOP-8EQSD1V" name="com.Listners.MyFistTestCase" tests="1" failures="0" timestamp="2021-04-11T12:26:00 IST" time="3.767" errors="0">
  <testcase name="GoogleTitleVerify" time="3.767" classname="com.Listners.MyFistTestCase"/>
  <system-out/>
</testsuite> <!-- com.Listners.MyFistTestCase -->
