<?xml version="1.0" encoding="UTF-8"?>
<!-- Generated by org.testng.reporters.JUnitReportReporter -->
<testsuite skipped="0" hostname="DESKTOP-8EQSD1V" name="com.HandleWindowAndTabs.HandleWindow" tests="1" failures="0" timestamp="2021-04-11T14:59:35 IST" time="14.803" errors="0">
  <testcase name="HowTohandlkeWindows" time="14.803" classname="com.HandleWindowAndTabs.HandleWindow"/>
  <system-out/>
</testsuite> <!-- com.HandleWindowAndTabs.HandleWindow -->
