<?xml version="1.0" encoding="UTF-8"?>
<!-- Generated by org.testng.reporters.JUnitReportReporter -->
<testsuite skipped="0" hostname="DESKTOP-8EQSD1V" name="com.DatePicker.DatePickerType1" tests="1" failures="0" timestamp="2021-04-10T19:52:55 IST" time="15.798" errors="0">
  <testcase name="DatePicker1" time="15.798" classname="com.DatePicker.DatePickerType1"/>
  <system-out/>
</testsuite> <!-- com.DatePicker.DatePickerType1 -->
