<?xml version="1.0" encoding="UTF-8"?>
<!-- Generated by org.testng.reporters.JUnitReportReporter -->
<testsuite skipped="0" hostname="DESKTOP-8EQSD1V" name="com.DatePicker.DatePickerDropDownType" tests="1" failures="0" timestamp="2021-04-10T19:39:36 IST" time="13.067" errors="0">
  <testcase name="PickTheInputDate" time="13.067" classname="com.DatePicker.DatePickerDropDownType"/>
  <system-out/>
</testsuite> <!-- com.DatePicker.DatePickerDropDownType -->
