<?xml version="1.0" encoding="UTF-8"?>
<!-- Generated by org.testng.reporters.JUnitReportReporter -->
<testsuite skipped="0" hostname="DESKTOP-8EQSD1V" name="com.extentReport.ExtentReportsListener" tests="1" failures="0" timestamp="12 Apr 2021 05:52:16 GMT" time="3.563" errors="0">
  <testcase name="Test2" time="3.563" classname="com.extentReport.ExtentReportsListener"/>
</testsuite> <!-- com.extentReport.ExtentReportsListener -->
